2026-01-11 15:24:02.002 [main] INFO  c.s.app.SchoolLibraryApplication - Starting SchoolLibraryApplication using Java 21.0.9 with PID 7128 (E:\SW-Dev\Git\ukondert\_school-projects\pr_digital-school-library\backend\schoollibrary-app\target\schoollibrary-app-0.0.1-SNAPSHOT.jar started by uweko in E:\SW-Dev\Git\ukondert\_school-projects\pr_digital-school-library\backend)
2026-01-11 15:24:02.017 [main] DEBUG c.s.app.SchoolLibraryApplication - Running with Spring Boot v3.2.0, Spring v6.1.1
2026-01-11 15:24:02.023 [main] INFO  c.s.app.SchoolLibraryApplication - No active profile set, falling back to 1 default profile: "default"
2026-01-11 15:24:05.463 [main] INFO  o.s.d.r.c.RepositoryConfigurationDelegate - Bootstrapping Spring Data JPA repositories in DEFAULT mode.
2026-01-11 15:24:05.591 [main] INFO  o.s.d.r.c.RepositoryConfigurationDelegate - Finished Spring Data repository scanning in 107 ms. Found 1 JPA repository interface.
2026-01-11 15:24:10.404 [main] INFO  o.s.b.w.e.tomcat.TomcatWebServer - Tomcat initialized with port 8080 (http)
2026-01-11 15:24:10.431 [main] INFO  o.a.catalina.core.StandardService - Starting service [Tomcat]
2026-01-11 15:24:10.432 [main] INFO  o.a.catalina.core.StandardEngine - Starting Servlet engine: [Apache Tomcat/10.1.16]
2026-01-11 15:24:10.561 [main] INFO  o.a.c.c.C.[Tomcat].[localhost].[/] - Initializing Spring embedded WebApplicationContext
2026-01-11 15:24:10.562 [main] INFO  o.s.b.w.s.c.ServletWebServerApplicationContext - Root WebApplicationContext: initialization completed in 8187 ms
2026-01-11 15:24:11.385 [main] DEBUG o.s.w.f.ServerHttpObservationFilter - Filter 'webMvcObservationFilter' configured for use
2026-01-11 15:24:11.843 [main] INFO  com.zaxxer.hikari.HikariDataSource - HikariPool-1 - Starting...
2026-01-11 15:24:12.662 [main] INFO  com.zaxxer.hikari.pool.HikariPool - HikariPool-1 - Added connection org.postgresql.jdbc.PgConnection@6210666c
2026-01-11 15:24:12.670 [main] INFO  com.zaxxer.hikari.HikariDataSource - HikariPool-1 - Start completed.
2026-01-11 15:24:13.138 [main] INFO  o.f.c.i.license.VersionPrinter - Flyway Community Edition 9.22.3 by Redgate
2026-01-11 15:24:13.138 [main] INFO  o.f.c.i.license.VersionPrinter - See release notes here: https://rd.gt/416ObMi
2026-01-11 15:24:13.139 [main] INFO  o.f.c.i.license.VersionPrinter - 
2026-01-11 15:24:13.266 [main] INFO  org.flywaydb.core.FlywayExecutor - Database: jdbc:postgresql://localhost:5432/schoollibrary_db (PostgreSQL 15.15)
2026-01-11 15:24:13.517 [main] INFO  o.f.core.internal.command.DbValidate - Successfully validated 4 migrations (execution time 00:00.140s)
2026-01-11 15:24:13.603 [main] INFO  o.f.core.internal.command.DbMigrate - Current version of schema "public": 3
2026-01-11 15:24:13.624 [main] INFO  o.f.core.internal.command.DbMigrate - Schema "public" is up to date. No migration necessary.
2026-01-11 15:24:14.004 [main] INFO  o.h.jpa.internal.util.LogHelper - HHH000204: Processing PersistenceUnitInfo [name: default]
2026-01-11 15:24:14.278 [main] INFO  org.hibernate.Version - HHH000412: Hibernate ORM core version 6.3.1.Final
2026-01-11 15:24:14.557 [main] INFO  o.h.c.i.RegionFactoryInitiator - HHH000026: Second-level cache disabled
2026-01-11 15:24:15.415 [main] INFO  o.s.o.j.p.SpringPersistenceUnitInfo - No LoadTimeWeaver setup: ignoring JPA class transformer
2026-01-11 15:24:15.524 [main] WARN  org.hibernate.orm.deprecation - HHH90000025: PostgreSQLDialect does not need to be specified explicitly using 'hibernate.dialect' (remove the property setting and it will be selected by default)
2026-01-11 15:24:17.478 [main] INFO  o.h.e.t.j.p.i.JtaPlatformInitiator - HHH000489: No JTA platform available (set 'hibernate.transaction.jta.platform' to enable JTA platform integration)
2026-01-11 15:24:17.691 [main] INFO  o.s.o.j.LocalContainerEntityManagerFactoryBean - Initialized JPA EntityManagerFactory for persistence unit 'default'
2026-01-11 15:24:21.197 [main] WARN  o.s.b.a.o.j.JpaBaseConfiguration$JpaWebConfiguration - spring.jpa.open-in-view is enabled by default. Therefore, database queries may be performed during view rendering. Explicitly configure spring.jpa.open-in-view to disable this warning
2026-01-11 15:24:21.374 [main] DEBUG o.s.s.c.a.a.c.AuthenticationConfiguration$DefaultPasswordEncoderAuthenticationManagerBuilder - No authenticationProviders and no parentAuthenticationManager defined. Returning null.
2026-01-11 15:24:22.227 [main] DEBUG o.s.w.s.m.m.a.RequestMappingHandlerMapping - 12 mappings in 'requestMappingHandlerMapping'
2026-01-11 15:24:22.670 [main] DEBUG o.s.w.s.h.SimpleUrlHandlerMapping - Patterns [/webjars/**, /**] in 'resourceHandlerMapping'
2026-01-11 15:24:23.275 [main] INFO  o.s.b.a.e.web.EndpointLinksResolver - Exposing 2 endpoint(s) beneath base path '/actuator'
2026-01-11 15:24:23.699 [main] INFO  o.s.s.web.DefaultSecurityFilterChain - Will secure any request with [org.springframework.security.web.session.DisableEncodeUrlFilter@14432052, org.springframework.security.web.context.request.async.WebAsyncManagerIntegrationFilter@7f6c85c4, org.springframework.security.web.context.SecurityContextHolderFilter@348b26e0, org.springframework.security.web.header.HeaderWriterFilter@7e544223, org.springframework.web.filter.CorsFilter@319c77de, org.springframework.security.web.authentication.logout.LogoutFilter@67231d8d, org.springframework.security.oauth2.server.resource.web.authentication.BearerTokenAuthenticationFilter@14fed48e, org.springframework.security.web.savedrequest.RequestCacheAwareFilter@324c3ed5, org.springframework.security.web.servletapi.SecurityContextHolderAwareRequestFilter@547d3e8e, org.springframework.security.web.authentication.AnonymousAuthenticationFilter@12dcfa6a, org.springframework.security.web.session.SessionManagementFilter@7a461744, org.springframework.security.web.access.ExceptionTranslationFilter@4ba04fb4, org.springframework.security.web.access.intercept.AuthorizationFilter@4fbbfea6]
2026-01-11 15:24:24.192 [main] DEBUG o.s.w.s.m.m.a.RequestMappingHandlerAdapter - ControllerAdvice beans: 0 @ModelAttribute, 0 @InitBinder, 1 RequestBodyAdvice, 1 ResponseBodyAdvice
2026-01-11 15:24:24.392 [main] DEBUG o.s.w.s.m.m.a.ExceptionHandlerExceptionResolver - ControllerAdvice beans: 0 @ExceptionHandler, 1 ResponseBodyAdvice
2026-01-11 15:24:25.477 [main] INFO  o.s.b.w.e.tomcat.TomcatWebServer - Tomcat started on port 8080 (http) with context path ''
2026-01-11 15:24:25.499 [main] INFO  c.s.app.SchoolLibraryApplication - Started SchoolLibraryApplication in 25.448 seconds (process running for 28.391)
2026-01-11 15:30:01.384 [http-nio-8080-exec-1] INFO  o.a.c.c.C.[Tomcat].[localhost].[/] - Initializing Spring DispatcherServlet 'dispatcherServlet'
2026-01-11 15:30:01.385 [http-nio-8080-exec-1] INFO  o.s.web.servlet.DispatcherServlet - Initializing Servlet 'dispatcherServlet'
2026-01-11 15:30:01.385 [http-nio-8080-exec-1] DEBUG o.s.web.servlet.DispatcherServlet - Detected StandardServletMultipartResolver
2026-01-11 15:30:01.386 [http-nio-8080-exec-1] DEBUG o.s.web.servlet.DispatcherServlet - Detected AcceptHeaderLocaleResolver
2026-01-11 15:30:01.386 [http-nio-8080-exec-1] DEBUG o.s.web.servlet.DispatcherServlet - Detected FixedThemeResolver
2026-01-11 15:30:01.388 [http-nio-8080-exec-1] DEBUG o.s.web.servlet.DispatcherServlet - Detected org.springframework.web.servlet.view.DefaultRequestToViewNameTranslator@71fd082
2026-01-11 15:30:01.389 [http-nio-8080-exec-1] DEBUG o.s.web.servlet.DispatcherServlet - Detected org.springframework.web.servlet.support.SessionFlashMapManager@12c1826
2026-01-11 15:30:01.390 [http-nio-8080-exec-1] DEBUG o.s.web.servlet.DispatcherServlet - enableLoggingRequestDetails='false': request parameters and headers will be masked to prevent unsafe logging of potentially sensitive data
2026-01-11 15:30:01.391 [http-nio-8080-exec-1] INFO  o.s.web.servlet.DispatcherServlet - Completed initialization in 6 ms
2026-01-11 15:30:01.427 [http-nio-8080-exec-1] DEBUG o.s.security.web.FilterChainProxy - Securing OPTIONS /api/v1/auth/login
2026-01-11 15:30:01.486 [http-nio-8080-exec-3] DEBUG o.s.security.web.FilterChainProxy - Securing POST /api/v1/auth/login
2026-01-11 15:30:01.497 [http-nio-8080-exec-3] DEBUG o.s.s.w.a.AnonymousAuthenticationFilter - Set SecurityContextHolder to anonymous SecurityContext
2026-01-11 15:30:01.503 [http-nio-8080-exec-3] WARN  o.s.w.s.h.HandlerMappingIntrospector - Cache miss for REQUEST dispatch to '/api/v1/auth/login' (previous null). Performing MatchableHandlerMapping lookup. This is logged once only at WARN level, and every time at TRACE.
2026-01-11 15:30:01.524 [http-nio-8080-exec-3] DEBUG o.s.security.web.FilterChainProxy - Secured POST /api/v1/auth/login
2026-01-11 15:30:01.530 [http-nio-8080-exec-3] DEBUG o.s.web.servlet.DispatcherServlet - POST "/api/v1/auth/login", parameters={}
2026-01-11 15:30:01.534 [http-nio-8080-exec-3] DEBUG o.s.w.s.m.m.a.RequestMappingHandlerMapping - Mapped to com.schoollibrary.user.api.AuthController#login(LoginRequestDto)
2026-01-11 15:30:01.741 [http-nio-8080-exec-3] DEBUG o.s.w.s.m.m.a.RequestResponseBodyMethodProcessor - Read "application/json;charset=UTF-8" to [LoginRequestDto(email=uwe.kondert@gmail.com, password=12345678)]
2026-01-11 15:30:02.003 [http-nio-8080-exec-3] INFO  c.s.user.api.AuthController - Login request received for email: uwe.kondert@gmail.com
2026-01-11 15:30:02.004 [http-nio-8080-exec-3] INFO  c.s.u.a.AuthenticationApplicationService - Processing login request for email: uwe.kondert@gmail.com
2026-01-11 15:30:02.005 [http-nio-8080-exec-3] DEBUG c.s.u.a.i.k.KeycloakIdentityProvider - Attempting to authenticate user: uwe.kondert@gmail.com
2026-01-11 15:30:02.060 [http-nio-8080-exec-3] DEBUG o.s.web.client.RestTemplate - HTTP POST http://localhost:8081/realms/schoollibrary/protocol/openid-connect/token
2026-01-11 15:30:02.112 [http-nio-8080-exec-3] DEBUG o.s.web.client.RestTemplate - Accept=[application/json, application/*+json]
2026-01-11 15:30:02.116 [http-nio-8080-exec-3] DEBUG o.s.web.client.RestTemplate - Writing [{grant_type=[password], client_id=[schoollibrary-app], client_secret=[xoqnjFzXrFNz4Qx9lXCAH4JN8xZmTG1M], username=[uwe.kondert@gmail.com], password=[12345678]}] as "application/x-www-form-urlencoded"
2026-01-11 15:30:02.431 [http-nio-8080-exec-3] DEBUG o.s.web.client.RestTemplate - Response 200 OK
2026-01-11 15:30:02.434 [http-nio-8080-exec-3] DEBUG o.s.web.client.RestTemplate - Reading to [com.schoollibrary.user.adapter.infrastructure.keycloak.KeycloakTokenResponse]
2026-01-11 15:30:02.464 [http-nio-8080-exec-3] INFO  c.s.u.a.i.k.KeycloakIdentityProvider - Successfully authenticated user: uwe.kondert@gmail.com
2026-01-11 15:30:02.464 [http-nio-8080-exec-3] INFO  c.s.u.a.AuthenticationApplicationService - Login successful for email: uwe.kondert@gmail.com
2026-01-11 15:30:02.503 [http-nio-8080-exec-3] DEBUG o.s.w.s.m.m.a.HttpEntityMethodProcessor - Using 'application/json', given [application/json] and supported [application/json, application/*+json]
2026-01-11 15:30:02.512 [http-nio-8080-exec-3] DEBUG o.s.w.s.m.m.a.HttpEntityMethodProcessor - Writing [LoginResponseDto(accessToken=eyJhbGciOiJSUzI1NiIsInR5cCIgOiAiSldUIiwia2lkIiA6ICI0UEVHNjRVem9iVlVUX1o (truncated)...]
2026-01-11 15:30:02.533 [http-nio-8080-exec-3] DEBUG o.s.web.servlet.DispatcherServlet - Completed 200 OK
2026-01-11 15:30:02.944 [http-nio-8080-exec-2] DEBUG o.s.security.web.FilterChainProxy - Securing OPTIONS /api/v1/users/me
2026-01-11 15:30:02.964 [http-nio-8080-exec-4] DEBUG o.s.security.web.FilterChainProxy - Securing GET /api/v1/users/me
2026-01-11 15:30:03.295 [http-nio-8080-exec-4] DEBUG o.s.web.client.RestTemplate - HTTP GET http://localhost:8081/realms/schoollibrary/protocol/openid-connect/certs
2026-01-11 15:30:03.297 [http-nio-8080-exec-4] DEBUG o.s.web.client.RestTemplate - Accept=[text/plain, application/json, application/*+json, */*]
2026-01-11 15:30:03.336 [http-nio-8080-exec-4] DEBUG o.s.web.client.RestTemplate - Response 200 OK
2026-01-11 15:30:03.338 [http-nio-8080-exec-4] DEBUG o.s.web.client.RestTemplate - Reading to [java.lang.String] as "application/json"
2026-01-11 15:30:03.401 [http-nio-8080-exec-4] DEBUG o.s.s.o.s.r.a.JwtAuthenticationProvider - Authenticated token
2026-01-11 15:30:03.404 [http-nio-8080-exec-4] DEBUG o.s.s.o.s.r.w.a.BearerTokenAuthenticationFilter - Set SecurityContextHolder to JwtAuthenticationToken [Principal=org.springframework.security.oauth2.jwt.Jwt@3a3f0927, Credentials=[PROTECTED], Authenticated=true, Details=WebAuthenticationDetails [RemoteIpAddress=0:0:0:0:0:0:0:1, SessionId=null], Granted Authorities=[ROLE_STUDENT, ROLE_default-roles-schoollibrary, ROLE_offline_access, ROLE_uma_authorization]]
2026-01-11 15:30:03.415 [http-nio-8080-exec-4] DEBUG o.s.security.web.FilterChainProxy - Secured GET /api/v1/users/me
2026-01-11 15:30:03.415 [http-nio-8080-exec-4] DEBUG o.s.web.servlet.DispatcherServlet - GET "/api/v1/users/me", parameters={}
2026-01-11 15:30:03.417 [http-nio-8080-exec-4] DEBUG o.s.w.s.m.m.a.RequestMappingHandlerMapping - Mapped to com.schoollibrary.user.api.UserController#getCurrentUserProfile()
2026-01-11 15:30:03.418 [http-nio-8080-exec-4] DEBUG c.s.user.api.UserController - Get current user profile request received
2026-01-11 15:30:03.616 [http-nio-8080-exec-4] DEBUG org.hibernate.SQL - 
    select
        upje1_0.id,
        upje1_0.active,
        upje1_0.created_at,
        upje1_0.email,
        upje1_0.external_user_id,
        upje1_0.first_name,
        upje1_0.last_name,
        upje1_0.role,
        upje1_0.updated_at 
    from
        module_user_schema.user_profiles upje1_0 
    where
        upje1_0.id=?
2026-01-11 15:30:03.652 [http-nio-8080-exec-4] WARN  c.s.user.api.UserController - User profile not found: User profile not found for ID: a9dcf08c-0b8d-4b92-ae49-5f470c8f93c6
2026-01-11 15:30:03.654 [http-nio-8080-exec-4] DEBUG o.s.w.s.m.m.a.HttpEntityMethodProcessor - Using 'application/json', given [application/json] and supported [*/*]
2026-01-11 15:30:03.656 [http-nio-8080-exec-4] DEBUG o.s.web.servlet.DispatcherServlet - Completed 404 NOT_FOUND
2026-01-11 15:39:18.731 [SpringApplicationShutdownHook] INFO  o.s.o.j.LocalContainerEntityManagerFactoryBean - Closing JPA EntityManagerFactory for persistence unit 'default'
2026-01-11 15:39:18.735 [SpringApplicationShutdownHook] INFO  com.zaxxer.hikari.HikariDataSource - HikariPool-1 - Shutdown initiated...
2026-01-11 15:39:18.747 [SpringApplicationShutdownHook] INFO  com.zaxxer.hikari.HikariDataSource - HikariPool-1 - Shutdown completed.
2026-01-11 16:26:48.449 [main] INFO  c.s.app.SchoolLibraryApplication - Starting SchoolLibraryApplication using Java 21.0.9 with PID 22468 (E:\SW-Dev\Git\ukondert\_school-projects\pr_digital-school-library\backend\schoollibrary-app\target\schoollibrary-app-0.0.1-SNAPSHOT.jar started by uweko in E:\SW-Dev\Git\ukondert\_school-projects\pr_digital-school-library\backend)
2026-01-11 16:26:48.454 [main] DEBUG c.s.app.SchoolLibraryApplication - Running with Spring Boot v3.2.0, Spring v6.1.1
2026-01-11 16:26:48.457 [main] INFO  c.s.app.SchoolLibraryApplication - No active profile set, falling back to 1 default profile: "default"
2026-01-11 16:26:51.803 [main] INFO  o.s.d.r.c.RepositoryConfigurationDelegate - Bootstrapping Spring Data JPA repositories in DEFAULT mode.
2026-01-11 16:26:51.952 [main] INFO  o.s.d.r.c.RepositoryConfigurationDelegate - Finished Spring Data repository scanning in 125 ms. Found 1 JPA repository interface.
2026-01-11 16:26:55.861 [main] INFO  o.s.b.w.e.tomcat.TomcatWebServer - Tomcat initialized with port 8080 (http)
2026-01-11 16:26:55.896 [main] INFO  o.a.catalina.core.StandardService - Starting service [Tomcat]
2026-01-11 16:26:55.898 [main] INFO  o.a.catalina.core.StandardEngine - Starting Servlet engine: [Apache Tomcat/10.1.16]
2026-01-11 16:26:56.122 [main] INFO  o.a.c.c.C.[Tomcat].[localhost].[/] - Initializing Spring embedded WebApplicationContext
2026-01-11 16:26:56.123 [main] INFO  o.s.b.w.s.c.ServletWebServerApplicationContext - Root WebApplicationContext: initialization completed in 7386 ms
2026-01-11 16:26:56.852 [main] DEBUG o.s.w.f.ServerHttpObservationFilter - Filter 'webMvcObservationFilter' configured for use
2026-01-11 16:26:57.180 [main] INFO  com.zaxxer.hikari.HikariDataSource - HikariPool-1 - Starting...
2026-01-11 16:26:57.944 [main] INFO  com.zaxxer.hikari.pool.HikariPool - HikariPool-1 - Added connection org.postgresql.jdbc.PgConnection@52657d5f
2026-01-11 16:26:57.949 [main] INFO  com.zaxxer.hikari.HikariDataSource - HikariPool-1 - Start completed.
2026-01-11 16:26:58.514 [main] INFO  o.f.c.i.license.VersionPrinter - Flyway Community Edition 9.22.3 by Redgate
2026-01-11 16:26:58.525 [main] INFO  o.f.c.i.license.VersionPrinter - See release notes here: https://rd.gt/416ObMi
2026-01-11 16:26:58.538 [main] INFO  o.f.c.i.license.VersionPrinter - 
2026-01-11 16:26:58.678 [main] INFO  org.flywaydb.core.FlywayExecutor - Database: jdbc:postgresql://localhost:5432/schoollibrary_db (PostgreSQL 15.15)
2026-01-11 16:26:58.908 [main] INFO  o.f.core.internal.command.DbValidate - Successfully validated 4 migrations (execution time 00:00.131s)
2026-01-11 16:26:58.980 [main] INFO  o.f.core.internal.command.DbMigrate - Current version of schema "public": 3
2026-01-11 16:26:58.996 [main] INFO  o.f.core.internal.command.DbMigrate - Schema "public" is up to date. No migration necessary.
2026-01-11 16:26:59.477 [main] INFO  o.h.jpa.internal.util.LogHelper - HHH000204: Processing PersistenceUnitInfo [name: default]
2026-01-11 16:26:59.695 [main] INFO  org.hibernate.Version - HHH000412: Hibernate ORM core version 6.3.1.Final
2026-01-11 16:26:59.830 [main] INFO  o.h.c.i.RegionFactoryInitiator - HHH000026: Second-level cache disabled
2026-01-11 16:27:00.628 [main] INFO  o.s.o.j.p.SpringPersistenceUnitInfo - No LoadTimeWeaver setup: ignoring JPA class transformer
2026-01-11 16:27:00.737 [main] WARN  org.hibernate.orm.deprecation - HHH90000025: PostgreSQLDialect does not need to be specified explicitly using 'hibernate.dialect' (remove the property setting and it will be selected by default)
2026-01-11 16:27:02.668 [main] INFO  o.h.e.t.j.p.i.JtaPlatformInitiator - HHH000489: No JTA platform available (set 'hibernate.transaction.jta.platform' to enable JTA platform integration)
2026-01-11 16:27:02.863 [main] INFO  o.s.o.j.LocalContainerEntityManagerFactoryBean - Initialized JPA EntityManagerFactory for persistence unit 'default'
2026-01-11 16:27:06.450 [main] WARN  o.s.b.a.o.j.JpaBaseConfiguration$JpaWebConfiguration - spring.jpa.open-in-view is enabled by default. Therefore, database queries may be performed during view rendering. Explicitly configure spring.jpa.open-in-view to disable this warning
2026-01-11 16:27:06.600 [main] DEBUG o.s.s.c.a.a.c.AuthenticationConfiguration$DefaultPasswordEncoderAuthenticationManagerBuilder - No authenticationProviders and no parentAuthenticationManager defined. Returning null.
2026-01-11 16:27:07.436 [main] DEBUG o.s.w.s.m.m.a.RequestMappingHandlerMapping - 12 mappings in 'requestMappingHandlerMapping'
2026-01-11 16:27:07.976 [main] DEBUG o.s.w.s.h.SimpleUrlHandlerMapping - Patterns [/webjars/**, /**] in 'resourceHandlerMapping'
2026-01-11 16:27:08.757 [main] INFO  o.s.b.a.e.web.EndpointLinksResolver - Exposing 2 endpoint(s) beneath base path '/actuator'
2026-01-11 16:27:09.268 [main] INFO  o.s.s.web.DefaultSecurityFilterChain - Will secure any request with [org.springframework.security.web.session.DisableEncodeUrlFilter@4c9ed40, org.springframework.security.web.context.request.async.WebAsyncManagerIntegrationFilter@56394880, org.springframework.security.web.context.SecurityContextHolderFilter@47c14360, org.springframework.security.web.header.HeaderWriterFilter@68c06a2, org.springframework.web.filter.CorsFilter@23c3f787, org.springframework.security.web.authentication.logout.LogoutFilter@4d20d8e6, org.springframework.security.oauth2.server.resource.web.authentication.BearerTokenAuthenticationFilter@27e0906f, org.springframework.security.web.savedrequest.RequestCacheAwareFilter@25e01756, org.springframework.security.web.servletapi.SecurityContextHolderAwareRequestFilter@75364777, org.springframework.security.web.authentication.AnonymousAuthenticationFilter@3c82bcbd, org.springframework.security.web.session.SessionManagementFilter@78f2cab9, org.springframework.security.web.access.ExceptionTranslationFilter@62a9d176, org.springframework.security.web.access.intercept.AuthorizationFilter@4a6ac443]
2026-01-11 16:27:09.667 [main] DEBUG o.s.w.s.m.m.a.RequestMappingHandlerAdapter - ControllerAdvice beans: 0 @ModelAttribute, 0 @InitBinder, 1 RequestBodyAdvice, 1 ResponseBodyAdvice
2026-01-11 16:27:09.782 [main] DEBUG o.s.w.s.m.m.a.ExceptionHandlerExceptionResolver - ControllerAdvice beans: 0 @ExceptionHandler, 1 ResponseBodyAdvice
2026-01-11 16:27:10.693 [main] INFO  o.s.b.w.e.tomcat.TomcatWebServer - Tomcat started on port 8080 (http) with context path ''
2026-01-11 16:27:10.726 [main] INFO  c.s.app.SchoolLibraryApplication - Started SchoolLibraryApplication in 24.031 seconds (process running for 26.178)
2026-01-11 16:27:11.778 [SpringApplicationShutdownHook] INFO  o.s.o.j.LocalContainerEntityManagerFactoryBean - Closing JPA EntityManagerFactory for persistence unit 'default'
2026-01-11 16:27:11.783 [SpringApplicationShutdownHook] INFO  com.zaxxer.hikari.HikariDataSource - HikariPool-1 - Shutdown initiated...
2026-01-11 16:27:11.797 [SpringApplicationShutdownHook] INFO  com.zaxxer.hikari.HikariDataSource - HikariPool-1 - Shutdown completed.
